[0.007s] Invoking command in '/home/venom/ws_mobile/build/mobile_robot': CMAKE_PREFIX_PATH=/opt/ros/foxy /home/venom/.local/bin/cmake --build /home/venom/ws_mobile/build/mobile_robot -- -j24 -l24
[0.036s] -- Found ament_cmake: 0.9.12 (/opt/ros/foxy/share/ament_cmake/cmake)
[0.063s] -- Using PYTHON_EXECUTABLE: /home/venom/anaconda3/bin/python3
[0.162s] -- Found ament_lint_auto: 0.9.8 (/opt/ros/foxy/share/ament_lint_auto/cmake)
[0.213s] -- Added test 'copyright' to check source files copyright and LICENSE
[0.214s] -- Added test 'flake8' to check Python code syntax and style conventions
[0.214s] -- Added test 'lint_cmake' to check CMake code style
[0.214s] -- Added test 'pep257' to check Python code against some of the style conventions in PEP 257
[0.215s] -- Added test 'xmllint' to check XML markup files
[0.215s] -- Configuring done
[0.218s] -- Generating done
[0.218s] -- Build files have been written to: /home/venom/ws_mobile/build/mobile_robot
[0.226s] Invoked command in '/home/venom/ws_mobile/build/mobile_robot' returned '0': CMAKE_PREFIX_PATH=/opt/ros/foxy /home/venom/.local/bin/cmake --build /home/venom/ws_mobile/build/mobile_robot -- -j24 -l24
[0.265s] Invoking command in '/home/venom/ws_mobile/build/mobile_robot': CMAKE_PREFIX_PATH=/opt/ros/foxy /home/venom/.local/bin/cmake --install /home/venom/ws_mobile/build/mobile_robot
[0.279s] -- Install configuration: ""
[0.279s] -- Installing: /home/venom/ws_mobile/install/mobile_robot/share/mobile_robot/launch
[0.279s] -- Installing: /home/venom/ws_mobile/install/mobile_robot/share/mobile_robot/launch/gazebo_model.launch.py
[0.279s] -- Installing: /home/venom/ws_mobile/install/mobile_robot/share/mobile_robot/model
[0.279s] -- Installing: /home/venom/ws_mobile/install/mobile_robot/share/mobile_robot/model/robot.gazebo
[0.279s] -- Installing: /home/venom/ws_mobile/install/mobile_robot/share/mobile_robot/model/robot.xacro
[0.279s] -- Installing: /home/venom/ws_mobile/install/mobile_robot/share/ament_index/resource_index/package_run_dependencies/mobile_robot
[0.279s] -- Up-to-date: /home/venom/ws_mobile/install/mobile_robot/share/ament_index/resource_index/parent_prefix_path/mobile_robot
[0.279s] -- Up-to-date: /home/venom/ws_mobile/install/mobile_robot/share/mobile_robot/environment/ament_prefix_path.sh
[0.279s] -- Installing: /home/venom/ws_mobile/install/mobile_robot/share/mobile_robot/environment/ament_prefix_path.dsv
[0.279s] -- Up-to-date: /home/venom/ws_mobile/install/mobile_robot/share/mobile_robot/environment/path.sh
[0.279s] -- Installing: /home/venom/ws_mobile/install/mobile_robot/share/mobile_robot/environment/path.dsv
[0.279s] -- Up-to-date: /home/venom/ws_mobile/install/mobile_robot/share/mobile_robot/local_setup.bash
[0.279s] -- Up-to-date: /home/venom/ws_mobile/install/mobile_robot/share/mobile_robot/local_setup.sh
[0.280s] -- Up-to-date: /home/venom/ws_mobile/install/mobile_robot/share/mobile_robot/local_setup.zsh
[0.280s] -- Installing: /home/venom/ws_mobile/install/mobile_robot/share/mobile_robot/local_setup.dsv
[0.280s] -- Installing: /home/venom/ws_mobile/install/mobile_robot/share/mobile_robot/package.dsv
[0.280s] -- Up-to-date: /home/venom/ws_mobile/install/mobile_robot/share/ament_index/resource_index/packages/mobile_robot
[0.280s] -- Up-to-date: /home/venom/ws_mobile/install/mobile_robot/share/mobile_robot/cmake/mobile_robotConfig.cmake
[0.280s] -- Up-to-date: /home/venom/ws_mobile/install/mobile_robot/share/mobile_robot/cmake/mobile_robotConfig-version.cmake
[0.280s] -- Installing: /home/venom/ws_mobile/install/mobile_robot/share/mobile_robot/package.xml
[0.281s] Invoked command in '/home/venom/ws_mobile/build/mobile_robot' returned '0': CMAKE_PREFIX_PATH=/opt/ros/foxy /home/venom/.local/bin/cmake --install /home/venom/ws_mobile/build/mobile_robot
