[0.004s] Invoking command in '/home/venom/ws_mobile/build/mobile_robot': CMAKE_PREFIX_PATH=/opt/ros/foxy /home/venom/.local/bin/cmake /home/venom/ws_mobile/src/mobile_robot -DCMAKE_INSTALL_PREFIX=/home/venom/ws_mobile/install/mobile_robot
[0.171s] -- The C compiler identification is GNU 9.4.0
[0.288s] -- The CXX compiler identification is GNU 9.4.0
[0.297s] -- Detecting C compiler ABI info
[0.363s] -- Detecting C compiler ABI info - done
[0.376s] -- Check for working C compiler: /usr/bin/cc - skipped
[0.377s] -- Detecting C compile features
[0.377s] -- Detecting C compile features - done
[0.381s] -- Detecting CXX compiler ABI info
[0.427s] -- Detecting CXX compiler ABI info - done
[0.432s] -- Check for working CXX compiler: /usr/bin/c++ - skipped
[0.433s] -- Detecting CXX compile features
[0.433s] -- Detecting CXX compile features - done
[0.436s] -- Found ament_cmake: 0.9.12 (/opt/ros/foxy/share/ament_cmake/cmake)
[0.454s] -- Found PythonInterp: /home/venom/anaconda3/bin/python3 (found suitable version "3.11.5", minimum required is "3") 
[0.454s] -- Using PYTHON_EXECUTABLE: /home/venom/anaconda3/bin/python3
[0.644s] -- Found ament_lint_auto: 0.9.8 (/opt/ros/foxy/share/ament_lint_auto/cmake)
[0.705s] -- Added test 'copyright' to check source files copyright and LICENSE
[0.707s] -- Added test 'lint_cmake' to check CMake code style
[0.707s] -- Added test 'xmllint' to check XML markup files
[0.708s] -- Configuring done
[0.709s] -- Generating done
[0.710s] -- Build files have been written to: /home/venom/ws_mobile/build/mobile_robot
[0.715s] Invoked command in '/home/venom/ws_mobile/build/mobile_robot' returned '0': CMAKE_PREFIX_PATH=/opt/ros/foxy /home/venom/.local/bin/cmake /home/venom/ws_mobile/src/mobile_robot -DCMAKE_INSTALL_PREFIX=/home/venom/ws_mobile/install/mobile_robot
[0.715s] Invoking command in '/home/venom/ws_mobile/build/mobile_robot': CMAKE_PREFIX_PATH=/opt/ros/foxy /home/venom/.local/bin/cmake --build /home/venom/ws_mobile/build/mobile_robot -- -j24 -l24
[0.735s] Invoked command in '/home/venom/ws_mobile/build/mobile_robot' returned '0': CMAKE_PREFIX_PATH=/opt/ros/foxy /home/venom/.local/bin/cmake --build /home/venom/ws_mobile/build/mobile_robot -- -j24 -l24
[0.772s] Invoking command in '/home/venom/ws_mobile/build/mobile_robot': CMAKE_PREFIX_PATH=/opt/ros/foxy /home/venom/.local/bin/cmake --install /home/venom/ws_mobile/build/mobile_robot
[0.786s] -- Install configuration: ""
[0.786s] -- Installing: /home/venom/ws_mobile/install/mobile_robot/share/ament_index/resource_index/package_run_dependencies/mobile_robot
[0.786s] -- Installing: /home/venom/ws_mobile/install/mobile_robot/share/ament_index/resource_index/parent_prefix_path/mobile_robot
[0.787s] -- Installing: /home/venom/ws_mobile/install/mobile_robot/share/mobile_robot/environment/ament_prefix_path.sh
[0.787s] -- Installing: /home/venom/ws_mobile/install/mobile_robot/share/mobile_robot/environment/ament_prefix_path.dsv
[0.787s] -- Installing: /home/venom/ws_mobile/install/mobile_robot/share/mobile_robot/environment/path.sh
[0.787s] -- Installing: /home/venom/ws_mobile/install/mobile_robot/share/mobile_robot/environment/path.dsv
[0.787s] -- Installing: /home/venom/ws_mobile/install/mobile_robot/share/mobile_robot/local_setup.bash
[0.787s] -- Installing: /home/venom/ws_mobile/install/mobile_robot/share/mobile_robot/local_setup.sh
[0.787s] -- Installing: /home/venom/ws_mobile/install/mobile_robot/share/mobile_robot/local_setup.zsh
[0.787s] -- Installing: /home/venom/ws_mobile/install/mobile_robot/share/mobile_robot/local_setup.dsv
[0.787s] -- Installing: /home/venom/ws_mobile/install/mobile_robot/share/mobile_robot/package.dsv
[0.787s] -- Installing: /home/venom/ws_mobile/install/mobile_robot/share/ament_index/resource_index/packages/mobile_robot
[0.787s] -- Installing: /home/venom/ws_mobile/install/mobile_robot/share/mobile_robot/cmake/mobile_robotConfig.cmake
[0.787s] -- Installing: /home/venom/ws_mobile/install/mobile_robot/share/mobile_robot/cmake/mobile_robotConfig-version.cmake
[0.787s] -- Installing: /home/venom/ws_mobile/install/mobile_robot/share/mobile_robot/package.xml
[0.790s] Invoked command in '/home/venom/ws_mobile/build/mobile_robot' returned '0': CMAKE_PREFIX_PATH=/opt/ros/foxy /home/venom/.local/bin/cmake --install /home/venom/ws_mobile/build/mobile_robot
