[0.006s] Invoking command in '/home/venom/ws_mobile/build/mobile_robot': CMAKE_PREFIX_PATH=${CMAKE_PREFIX_PATH}:/opt/ros/foxy /home/venom/.local/bin/cmake --build /home/venom/ws_mobile/build/mobile_robot -- -j24 -l24
[0.025s] Invoked command in '/home/venom/ws_mobile/build/mobile_robot' returned '0': CMAKE_PREFIX_PATH=${CMAKE_PREFIX_PATH}:/opt/ros/foxy /home/venom/.local/bin/cmake --build /home/venom/ws_mobile/build/mobile_robot -- -j24 -l24
[0.069s] Invoking command in '/home/venom/ws_mobile/build/mobile_robot': CMAKE_PREFIX_PATH=${CMAKE_PREFIX_PATH}:/opt/ros/foxy /home/venom/.local/bin/cmake --install /home/venom/ws_mobile/build/mobile_robot
[0.091s] -- Install configuration: ""
[0.091s] -- Up-to-date: /home/venom/ws_mobile/install/mobile_robot/share/mobile_robot/launch
[0.091s] -- Up-to-date: /home/venom/ws_mobile/install/mobile_robot/share/mobile_robot/launch/check.launch.py
[0.091s] -- Up-to-date: /home/venom/ws_mobile/install/mobile_robot/share/mobile_robot/launch/gazebo_model.launch.py
[0.091s] -- Up-to-date: /home/venom/ws_mobile/install/mobile_robot/share/mobile_robot/model
[0.091s] -- Up-to-date: /home/venom/ws_mobile/install/mobile_robot/share/mobile_robot/model/robot.gazebo
[0.091s] -- Installing: /home/venom/ws_mobile/install/mobile_robot/share/mobile_robot/model/robot.xacro
[0.091s] -- Up-to-date: /home/venom/ws_mobile/install/mobile_robot/share/ament_index/resource_index/package_run_dependencies/mobile_robot
[0.091s] -- Up-to-date: /home/venom/ws_mobile/install/mobile_robot/share/ament_index/resource_index/parent_prefix_path/mobile_robot
[0.091s] -- Up-to-date: /home/venom/ws_mobile/install/mobile_robot/share/mobile_robot/environment/ament_prefix_path.sh
[0.092s] -- Up-to-date: /home/venom/ws_mobile/install/mobile_robot/share/mobile_robot/environment/ament_prefix_path.dsv
[0.092s] -- Up-to-date: /home/venom/ws_mobile/install/mobile_robot/share/mobile_robot/environment/path.sh
[0.092s] -- Up-to-date: /home/venom/ws_mobile/install/mobile_robot/share/mobile_robot/environment/path.dsv
[0.092s] -- Up-to-date: /home/venom/ws_mobile/install/mobile_robot/share/mobile_robot/local_setup.bash
[0.092s] -- Up-to-date: /home/venom/ws_mobile/install/mobile_robot/share/mobile_robot/local_setup.sh
[0.092s] -- Up-to-date: /home/venom/ws_mobile/install/mobile_robot/share/mobile_robot/local_setup.zsh
[0.092s] -- Up-to-date: /home/venom/ws_mobile/install/mobile_robot/share/mobile_robot/local_setup.dsv
[0.092s] -- Installing: /home/venom/ws_mobile/install/mobile_robot/share/mobile_robot/package.dsv
[0.092s] -- Up-to-date: /home/venom/ws_mobile/install/mobile_robot/share/ament_index/resource_index/packages/mobile_robot
[0.092s] -- Up-to-date: /home/venom/ws_mobile/install/mobile_robot/share/mobile_robot/cmake/mobile_robotConfig.cmake
[0.092s] -- Up-to-date: /home/venom/ws_mobile/install/mobile_robot/share/mobile_robot/cmake/mobile_robotConfig-version.cmake
[0.092s] -- Up-to-date: /home/venom/ws_mobile/install/mobile_robot/share/mobile_robot/package.xml
[0.094s] Invoked command in '/home/venom/ws_mobile/build/mobile_robot' returned '0': CMAKE_PREFIX_PATH=${CMAKE_PREFIX_PATH}:/opt/ros/foxy /home/venom/.local/bin/cmake --install /home/venom/ws_mobile/build/mobile_robot
